D:\LIANXI\NODE\DEBUG\NODE.EXE
D:\LIANXI\NODE\DEBUG\NODE.ILK
D:\LIANXI\NODE\DEBUG\NODE.PDB
D:\lianxi\node\node\Debug\cl.command.1.tlog
D:\lianxi\node\node\Debug\CL.read.1.tlog
D:\lianxi\node\node\Debug\CL.write.1.tlog
D:\lianxi\node\node\Debug\link.9272.read.1.tlog
D:\lianxi\node\node\Debug\link.9272.write.1.tlog
D:\lianxi\node\node\Debug\link.9272-cvtres.read.1.tlog
D:\lianxi\node\node\Debug\link.9272-cvtres.write.1.tlog
D:\lianxi\node\node\Debug\link.command.1.tlog
D:\lianxi\node\node\Debug\link.read.1.tlog
D:\lianxi\node\node\Debug\link.write.1.tlog
D:\lianxi\node\node\Debug\link-cvtres.read.1.tlog
D:\lianxi\node\node\Debug\link-cvtres.write.1.tlog
D:\LIANXI\NODE\NODE\DEBUG\LINKED LIST.OBJ
D:\lianxi\node\node\Debug\mt.command.1.tlog
D:\lianxi\node\node\Debug\mt.read.1.tlog
D:\lianxi\node\node\Debug\mt.write.1.tlog
D:\LIANXI\NODE\NODE\DEBUG\NODE.EXE.EMBED.MANIFEST
D:\LIANXI\NODE\NODE\DEBUG\NODE.EXE.EMBED.MANIFEST.RES
D:\LIANXI\NODE\NODE\DEBUG\NODE.EXE.INTERMEDIATE.MANIFEST
D:\lianxi\node\node\Debug\node.vcxprojResolveAssemblyReference.cache
D:\lianxi\node\node\Debug\node.write.1.tlog
D:\lianxi\node\node\Debug\node_manifest.rc
D:\lianxi\node\node\Debug\rc.command.1.tlog
D:\lianxi\node\node\Debug\rc.read.1.tlog
D:\lianxi\node\node\Debug\rc.write.1.tlog
D:\lianxi\node\node\Debug\vc100.idb
D:\LIANXI\NODE\NODE\DEBUG\VC100.PDB
