Build started 2018/4/18 12:00:29.
     1>Project "D:\lianxi\node\node\node.vcxproj" on node 2 (build target(s)).
     1>InitializeBuildStatus:
         Creating "Debug\node.unsuccessfulbuild" because "AlwaysCreate" was specified.
       ClCompile:
         C:\Program Files (x86)\Microsoft Visual Studio 10.0\VC\bin\CL.exe /c /ZI /nologo /W3 /WX- /Od /Oy- /D WIN32 /D _DEBUG /D _CONSOLE /D _UNICODE /D UNICODE /Gm /EHsc /RTC1 /MDd /GS /fp:precise /Zc:wchar_t /Zc:forScope /Fo"Debug\\" /Fd"Debug\vc100.pdb" /Gd /TP /analyze- /errorReport:prompt "linked list.cpp"
         linked list.cpp
       ManifestResourceCompile:
         All outputs are up-to-date.
       Link:
         C:\Program Files (x86)\Microsoft Visual Studio 10.0\VC\bin\link.exe /ERRORREPORT:PROMPT /OUT:"D:\lianxi\node\Debug\node.exe" /INCREMENTAL /NOLOGO kernel32.lib user32.lib gdi32.lib winspool.lib comdlg32.lib advapi32.lib shell32.lib ole32.lib oleaut32.lib uuid.lib odbc32.lib odbccp32.lib /MANIFEST /ManifestFile:"Debug\node.exe.intermediate.manifest" /MANIFESTUAC:"level='asInvoker' uiAccess='false'" /DEBUG /PDB:"D:\lianxi\node\Debug\node.pdb" /SUBSYSTEM:CONSOLE /TLBID:1 /DYNAMICBASE /NXCOMPAT /IMPLIB:"D:\lianxi\node\Debug\node.lib" /MACHINE:X86 Debug\node.exe.embed.manifest.res
         "Debug\linked list.obj"
       Manifest:
         C:\Program Files (x86)\Microsoft SDKs\Windows\v7.0A\bin\mt.exe /nologo /verbose /out:"Debug\node.exe.embed.manifest" /manifest Debug\node.exe.intermediate.manifest
         All outputs are up-to-date.
       LinkEmbedManifest:
         All outputs are up-to-date.
         node.vcxproj -> D:\lianxi\node\Debug\node.exe
       FinalizeBuildStatus:
         Deleting file "Debug\node.unsuccessfulbuild".
         Touching "Debug\node.lastbuildstate".
     1>Done Building Project "D:\lianxi\node\node\node.vcxproj" (build target(s)).

Build succeeded.

Time Elapsed 00:00:00.86
